<?xml version="1.0" encoding="UTF-8"?>
<!-- Generated by org.testng.reporters.JUnitReportReporter -->
<testsuite skipped="0" hostname="366aea44b53f" name="com.searchmodule.tests.SearchTest" tests="4" failures="0" timestamp="31 Jul 2021 18:31:29 GMT" time="29.285" errors="0">
  <testcase name="search" time="7.047" classname="com.searchmodule.tests.SearchTest"/>
  <testcase name="search" time="8.187" classname="com.searchmodule.tests.SearchTest"/>
  <testcase name="search" time="7.388" classname="com.searchmodule.tests.SearchTest"/>
  <testcase name="search" time="6.663" classname="com.searchmodule.tests.SearchTest"/>
</testsuite> <!-- com.searchmodule.tests.SearchTest -->
